# JRE version: OpenJDK Runtime Environment (8.0_152-b01) (build 1.8.0_152-release-915-b01)
# Java VM: OpenJDK 64-Bit Server VM (25.152-b01 mixed mode windows-amd64 compressed oops)
Heap:
 PSYoungGen      total 146432K, used 34514K [0x00000000e0000000, 0x00000000eb200000, 0x0000000100000000)
  eden space 133120K, 25% used [0x00000000e0000000,0x00000000e21b4bf0,0x00000000e8200000)
  from space 13312K, 0% used [0x00000000ea500000,0x00000000ea500000,0x00000000eb200000)
  to   space 5120K, 0% used [0x00000000e8200000,0x00000000e8200000,0x00000000e8700000)
 ParOldGen       total 72192K, used 16253K [0x00000000a0000000, 0x00000000a4680000, 0x00000000e0000000)
  object space 72192K, 22% used [0x00000000a0000000,0x00000000a0fdf740,0x00000000a4680000)
 Metaspace       used 38353K, capacity 39222K, committed 39424K, reserved 1083392K
  class space    used 5184K, capacity 5532K, committed 5632K, reserved 1048576K
GC Heap History (10 events):
Event: 3.724 GC heap before
{Heap before GC invocations=4 (full 1):
 PSYoungGen      total 71680K, used 5088K [0x00000000e0000000, 0x00000000e8c00000, 0x0000000100000000)
  eden space 66560K, 0% used [0x00000000e0000000,0x00000000e0000000,0x00000000e4100000)
  from space 5120K, 99% used [0x00000000e4100000,0x00000000e45f8030,0x00000000e4600000)
  to   space 5120K, 0% used [0x00000000e8700000,0x00000000e8700000,0x00000000e8c00000)
 ParOldGen       total 87552K, used 8190K [0x00000000a0000000, 0x00000000a5580000, 0x00000000e0000000)
  object space 87552K, 9% used [0x00000000a0000000,0x00000000a07ff978,0x00000000a5580000)
 Metaspace       used 20663K, capacity 21124K, committed 21248K, reserved 1067008K
  class space    used 2860K, capacity 3039K, committed 3072K, reserved 1048576K
Event: 3.777 GC heap after
Heap after GC invocations=4 (full 1):
 PSYoungGen      total 71680K, used 0K [0x00000000e0000000, 0x00000000e8c00000, 0x0000000100000000)
  eden space 66560K, 0% used [0x00000000e0000000,0x00000000e0000000,0x00000000e4100000)
  from space 5120K, 0% used [0x00000000e4100000,0x00000000e4100000,0x00000000e4600000)
  to   space 5120K, 0% used [0x00000000e8700000,0x00000000e8700000,0x00000000e8c00000)
 ParOldGen       total 72192K, used 11935K [0x00000000a0000000, 0x00000000a4680000, 0x00000000e0000000)
  object space 72192K, 16% used [0x00000000a0000000,0x00000000a0ba7f48,0x00000000a4680000)
 Metaspace       used 20663K, capacity 21124K, committed 21248K, reserved 1067008K
  class space    used 2860K, capacity 3039K, committed 3072K, reserved 1048576K
}
Event: 5.257 GC heap before
{Heap before GC invocations=5 (full 1):
 PSYoungGen      total 71680K, used 66560K [0x00000000e0000000, 0x00000000e8c00000, 0x0000000100000000)
  eden space 66560K, 100% used [0x00000000e0000000,0x00000000e4100000,0x00000000e4100000)
  from space 5120K, 0% used [0x00000000e4100000,0x00000000e4100000,0x00000000e4600000)
  to   space 5120K, 0% used [0x00000000e8700000,0x00000000e8700000,0x00000000e8c00000)
 ParOldGen       total 72192K, used 11935K [0x00000000a0000000, 0x00000000a4680000, 0x00000000e0000000)
  object space 72192K, 16% used [0x00000000a0000000,0x00000000a0ba7f48,0x00000000a4680000)
 Metaspace       used 25669K, capacity 26182K, committed 26368K, reserved 1071104K
  class space    used 3535K, capacity 3714K, committed 3840K, reserved 1048576K
Event: 5.304 GC heap after
Heap after GC invocations=5 (full 1):
 PSYoungGen      total 107008K, used 5091K [0x00000000e0000000, 0x00000000e8c00000, 0x0000000100000000)
  eden space 101888K, 0% used [0x00000000e0000000,0x00000000e0000000,0x00000000e6380000)
  from space 5120K, 99% used [0x00000000e8700000,0x00000000e8bf8ef0,0x00000000e8c00000)
  to   space 5120K, 0% used [0x00000000e8200000,0x00000000e8200000,0x00000000e8700000)
 ParOldGen       total 72192K, used 13666K [0x00000000a0000000, 0x00000000a4680000, 0x00000000e0000000)
  object space 72192K, 18% used [0x00000000a0000000,0x00000000a0d58ba0,0x00000000a4680000)
 Metaspace       used 25669K, capacity 26182K, committed 26368K, reserved 1071104K
  class space    used 3535K, capacity 3714K, committed 3840K, reserved 1048576K
}
Event: 7.449 GC heap before
{Heap before GC invocations=6 (full 1):
 PSYoungGen      total 107008K, used 106979K [0x00000000e0000000, 0x00000000e8c00000, 0x0000000100000000)
  eden space 101888K, 100% used [0x00000000e0000000,0x00000000e6380000,0x00000000e6380000)
  from space 5120K, 99% used [0x00000000e8700000,0x00000000e8bf8ef0,0x00000000e8c00000)
  to   space 5120K, 0% used [0x00000000e8200000,0x00000000e8200000,0x00000000e8700000)
 ParOldGen       total 72192K, used 13666K [0x00000000a0000000, 0x00000000a4680000, 0x00000000e0000000)
  object space 72192K, 18% used [0x00000000a0000000,0x00000000a0d58ba0,0x00000000a4680000)
 Metaspace       used 31451K, capacity 32118K, committed 32256K, reserved 1077248K
  class space    used 4308K, capacity 4584K, committed 4608K, reserved 1048576K
Event: 7.481 GC heap after
Heap after GC invocations=6 (full 1):
 PSYoungGen      total 138240K, used 5104K [0x00000000e0000000, 0x00000000eb200000, 0x0000000100000000)
  eden space 133120K, 0% used [0x00000000e0000000,0x00000000e0000000,0x00000000e8200000)
  from space 5120K, 99% used [0x00000000e8200000,0x00000000e86fc020,0x00000000e8700000)
  to   space 13312K, 0% used [0x00000000ea500000,0x00000000ea500000,0x00000000eb200000)
 ParOldGen       total 72192K, used 19029K [0x00000000a0000000, 0x00000000a4680000, 0x00000000e0000000)
  object space 72192K, 26% used [0x00000000a0000000,0x00000000a12954c0,0x00000000a4680000)
 Metaspace       used 31451K, capacity 32118K, committed 32256K, reserved 1077248K
  class space    used 4308K, capacity 4584K, committed 4608K, reserved 1048576K
}
Event: 8.338 GC heap before
{Heap before GC invocations=7 (full 1):
 PSYoungGen      total 138240K, used 37556K [0x00000000e0000000, 0x00000000eb200000, 0x0000000100000000)
  eden space 133120K, 24% used [0x00000000e0000000,0x00000000e1fb1258,0x00000000e8200000)
  from space 5120K, 99% used [0x00000000e8200000,0x00000000e86fc020,0x00000000e8700000)
  to   space 13312K, 0% used [0x00000000ea500000,0x00000000ea500000,0x00000000eb200000)
 ParOldGen       total 72192K, used 19029K [0x00000000a0000000, 0x00000000a4680000, 0x00000000e0000000)
  object space 72192K, 26% used [0x00000000a0000000,0x00000000a12954c0,0x00000000a4680000)
 Metaspace       used 34470K, capacity 35252K, committed 35416K, reserved 1079296K
  class space    used 4694K, capacity 4974K, committed 4992K, reserved 1048576K
Event: 8.348 GC heap after
Heap after GC invocations=7 (full 1):
 PSYoungGen      total 146432K, used 8768K [0x00000000e0000000, 0x00000000eb200000, 0x0000000100000000)
  eden space 133120K, 0% used [0x00000000e0000000,0x00000000e0000000,0x00000000e8200000)
  from space 13312K, 65% used [0x00000000ea500000,0x00000000ead902d8,0x00000000eb200000)
  to   space 5120K, 0% used [0x00000000e8200000,0x00000000e8200000,0x00000000e8700000)
 ParOldGen       total 72192K, used 19037K [0x00000000a0000000, 0x00000000a4680000, 0x00000000e0000000)
  object space 72192K, 26% used [0x00000000a0000000,0x00000000a12974c0,0x00000000a4680000)
 Metaspace       used 34470K, capacity 35252K, committed 35416K, reserved 1079296K
  class space    used 4694K, capacity 4974K, committed 4992K, reserved 1048576K
}
Event: 8.348 GC heap before
{Heap before GC invocations=8 (full 2):
 PSYoungGen      total 146432K, used 8768K [0x00000000e0000000, 0x00000000eb200000, 0x0000000100000000)
  eden space 133120K, 0% used [0x00000000e0000000,0x00000000e0000000,0x00000000e8200000)
  from space 13312K, 65% used [0x00000000ea500000,0x00000000ead902d8,0x00000000eb200000)
  to   space 5120K, 0% used [0x00000000e8200000,0x00000000e8200000,0x00000000e8700000)
 ParOldGen       total 72192K, used 19037K [0x00000000a0000000, 0x00000000a4680000, 0x00000000e0000000)
  object space 72192K, 26% used [0x00000000a0000000,0x00000000a12974c0,0x00000000a4680000)
 Metaspace       used 34470K, capacity 35252K, committed 35416K, reserved 1079296K
  class space    used 4694K, capacity 4974K, committed 4992K, reserved 1048576K
Event: 8.449 GC heap after
Heap after GC invocations=8 (full 2):
 PSYoungGen      total 146432K, used 0K [0x00000000e0000000, 0x00000000eb200000, 0x0000000100000000)
  eden space 133120K, 0% used [0x00000000e0000000,0x00000000e0000000,0x00000000e8200000)
  from space 13312K, 0% used [0x00000000ea500000,0x00000000ea500000,0x00000000eb200000)
  to   space 5120K, 0% used [0x00000000e8200000,0x00000000e8200000,0x00000000e8700000)
 ParOldGen       total 72192K, used 16253K [0x00000000a0000000, 0x00000000a4680000, 0x00000000e0000000)
  object space 72192K, 22% used [0x00000000a0000000,0x00000000a0fdf740,0x00000000a4680000)
 Metaspace       used 34470K, capacity 35252K, committed 35416K, reserved 1079296K
  class space    used 4694K, capacity 4974K, committed 4992K, reserved 1048576K
}

