# JRE version: OpenJDK Runtime Environment (8.0_152-b01) (build 1.8.0_152-release-915-b01)
# Java VM: OpenJDK 64-Bit Server VM (25.152-b01 mixed mode windows-amd64 compressed oops)
Heap:
 PSYoungGen      total 107008K, used 45915K [0x00000000e0000000, 0x00000000e9f00000, 0x0000000100000000)
  eden space 95744K, 47% used [0x00000000e0000000,0x00000000e2cd6ec8,0x00000000e5d80000)
  from space 11264K, 0% used [0x00000000e5d80000,0x00000000e5d80000,0x00000000e6880000)
  to   space 12288K, 0% used [0x00000000e9300000,0x00000000e9300000,0x00000000e9f00000)
 ParOldGen       total 102912K, used 16310K [0x00000000a0000000, 0x00000000a6480000, 0x00000000e0000000)
  object space 102912K, 15% used [0x00000000a0000000,0x00000000a0fedb38,0x00000000a6480000)
 Metaspace       used 38455K, capacity 39350K, committed 39680K, reserved 1083392K
  class space    used 5188K, capacity 5532K, committed 5632K, reserved 1048576K
GC Heap History (10 events):
Event: 3.564 GC heap before
{Heap before GC invocations=5 (full 1):
 PSYoungGen      total 71680K, used 5088K [0x00000000e0000000, 0x00000000e4b00000, 0x0000000100000000)
  eden space 66560K, 0% used [0x00000000e0000000,0x00000000e0000000,0x00000000e4100000)
  from space 5120K, 99% used [0x00000000e4600000,0x00000000e4af8030,0x00000000e4b00000)
  to   space 5120K, 0% used [0x00000000e4100000,0x00000000e4100000,0x00000000e4600000)
 ParOldGen       total 87552K, used 7623K [0x00000000a0000000, 0x00000000a5580000, 0x00000000e0000000)
  object space 87552K, 8% used [0x00000000a0000000,0x00000000a0771e08,0x00000000a5580000)
 Metaspace       used 20678K, capacity 21124K, committed 21248K, reserved 1067008K
  class space    used 2858K, capacity 3039K, committed 3072K, reserved 1048576K
Event: 3.610 GC heap after
Heap after GC invocations=5 (full 1):
 PSYoungGen      total 71680K, used 0K [0x00000000e0000000, 0x00000000e4b00000, 0x0000000100000000)
  eden space 66560K, 0% used [0x00000000e0000000,0x00000000e0000000,0x00000000e4100000)
  from space 5120K, 0% used [0x00000000e4600000,0x00000000e4600000,0x00000000e4b00000)
  to   space 5120K, 0% used [0x00000000e4100000,0x00000000e4100000,0x00000000e4600000)
 ParOldGen       total 64000K, used 8667K [0x00000000a0000000, 0x00000000a3e80000, 0x00000000e0000000)
  object space 64000K, 13% used [0x00000000a0000000,0x00000000a0876e30,0x00000000a3e80000)
 Metaspace       used 20678K, capacity 21124K, committed 21248K, reserved 1067008K
  class space    used 2858K, capacity 3039K, committed 3072K, reserved 1048576K
}
Event: 5.030 GC heap before
{Heap before GC invocations=6 (full 1):
 PSYoungGen      total 71680K, used 66560K [0x00000000e0000000, 0x00000000e4b00000, 0x0000000100000000)
  eden space 66560K, 100% used [0x00000000e0000000,0x00000000e4100000,0x00000000e4100000)
  from space 5120K, 0% used [0x00000000e4600000,0x00000000e4600000,0x00000000e4b00000)
  to   space 5120K, 0% used [0x00000000e4100000,0x00000000e4100000,0x00000000e4600000)
 ParOldGen       total 64000K, used 8667K [0x00000000a0000000, 0x00000000a3e80000, 0x00000000e0000000)
  object space 64000K, 13% used [0x00000000a0000000,0x00000000a0876e30,0x00000000a3e80000)
 Metaspace       used 26132K, capacity 26630K, committed 26880K, reserved 1073152K
  class space    used 3537K, capacity 3714K, committed 3840K, reserved 1048576K
Event: 5.039 GC heap after
Heap after GC invocations=6 (full 1):
 PSYoungGen      total 71680K, used 5107K [0x00000000e0000000, 0x00000000e7200000, 0x0000000100000000)
  eden space 66560K, 0% used [0x00000000e0000000,0x00000000e0000000,0x00000000e4100000)
  from space 5120K, 99% used [0x00000000e4100000,0x00000000e45fccf0,0x00000000e4600000)
  to   space 9728K, 0% used [0x00000000e6880000,0x00000000e6880000,0x00000000e7200000)
 ParOldGen       total 64000K, used 10374K [0x00000000a0000000, 0x00000000a3e80000, 0x00000000e0000000)
  object space 64000K, 16% used [0x00000000a0000000,0x00000000a0a21b20,0x00000000a3e80000)
 Metaspace       used 26132K, capacity 26630K, committed 26880K, reserved 1073152K
  class space    used 3537K, capacity 3714K, committed 3840K, reserved 1048576K
}
Event: 6.501 GC heap before
{Heap before GC invocations=7 (full 1):
 PSYoungGen      total 71680K, used 71667K [0x00000000e0000000, 0x00000000e7200000, 0x0000000100000000)
  eden space 66560K, 100% used [0x00000000e0000000,0x00000000e4100000,0x00000000e4100000)
  from space 5120K, 99% used [0x00000000e4100000,0x00000000e45fccf0,0x00000000e4600000)
  to   space 9728K, 0% used [0x00000000e6880000,0x00000000e6880000,0x00000000e7200000)
 ParOldGen       total 64000K, used 10374K [0x00000000a0000000, 0x00000000a3e80000, 0x00000000e0000000)
  object space 64000K, 16% used [0x00000000a0000000,0x00000000a0a21b20,0x00000000a3e80000)
 Metaspace       used 31209K, capacity 31862K, committed 32000K, reserved 1077248K
  class space    used 4303K, capacity 4584K, committed 4608K, reserved 1048576K
Event: 6.512 GC heap after
Heap after GC invocations=7 (full 1):
 PSYoungGen      total 105472K, used 9721K [0x00000000e0000000, 0x00000000e7400000, 0x0000000100000000)
  eden space 95744K, 0% used [0x00000000e0000000,0x00000000e0000000,0x00000000e5d80000)
  from space 9728K, 99% used [0x00000000e6880000,0x00000000e71fe550,0x00000000e7200000)
  to   space 11264K, 0% used [0x00000000e5d80000,0x00000000e5d80000,0x00000000e6880000)
 ParOldGen       total 64000K, used 10446K [0x00000000a0000000, 0x00000000a3e80000, 0x00000000e0000000)
  object space 64000K, 16% used [0x00000000a0000000,0x00000000a0a33b30,0x00000000a3e80000)
 Metaspace       used 31209K, capacity 31862K, committed 32000K, reserved 1077248K
  class space    used 4303K, capacity 4584K, committed 4608K, reserved 1048576K
}
Event: 8.078 GC heap before
{Heap before GC invocations=8 (full 1):
 PSYoungGen      total 105472K, used 76057K [0x00000000e0000000, 0x00000000e7400000, 0x0000000100000000)
  eden space 95744K, 69% used [0x00000000e0000000,0x00000000e40c7f50,0x00000000e5d80000)
  from space 9728K, 99% used [0x00000000e6880000,0x00000000e71fe550,0x00000000e7200000)
  to   space 11264K, 0% used [0x00000000e5d80000,0x00000000e5d80000,0x00000000e6880000)
 ParOldGen       total 64000K, used 10446K [0x00000000a0000000, 0x00000000a3e80000, 0x00000000e0000000)
  object space 64000K, 16% used [0x00000000a0000000,0x00000000a0a33b30,0x00000000a3e80000)
 Metaspace       used 34473K, capacity 35252K, committed 35416K, reserved 1079296K
  class space    used 4694K, capacity 4974K, committed 4992K, reserved 1048576K
Event: 8.094 GC heap after
Heap after GC invocations=8 (full 1):
 PSYoungGen      total 107008K, used 10363K [0x00000000e0000000, 0x00000000e9f00000, 0x0000000100000000)
  eden space 95744K, 0% used [0x00000000e0000000,0x00000000e0000000,0x00000000e5d80000)
  from space 11264K, 92% used [0x00000000e5d80000,0x00000000e679ec98,0x00000000e6880000)
  to   space 12288K, 0% used [0x00000000e9300000,0x00000000e9300000,0x00000000e9f00000)
 ParOldGen       total 64000K, used 10454K [0x00000000a0000000, 0x00000000a3e80000, 0x00000000e0000000)
  object space 64000K, 16% used [0x00000000a0000000,0x00000000a0a35b30,0x00000000a3e80000)
 Metaspace       used 34473K, capacity 35252K, committed 35416K, reserved 1079296K
  class space    used 4694K, capacity 4974K, committed 4992K, reserved 1048576K
}
Event: 8.094 GC heap before
{Heap before GC invocations=9 (full 2):
 PSYoungGen      total 107008K, used 10363K [0x00000000e0000000, 0x00000000e9f00000, 0x0000000100000000)
  eden space 95744K, 0% used [0x00000000e0000000,0x00000000e0000000,0x00000000e5d80000)
  from space 11264K, 92% used [0x00000000e5d80000,0x00000000e679ec98,0x00000000e6880000)
  to   space 12288K, 0% used [0x00000000e9300000,0x00000000e9300000,0x00000000e9f00000)
 ParOldGen       total 64000K, used 10454K [0x00000000a0000000, 0x00000000a3e80000, 0x00000000e0000000)
  object space 64000K, 16% used [0x00000000a0000000,0x00000000a0a35b30,0x00000000a3e80000)
 Metaspace       used 34473K, capacity 35252K, committed 35416K, reserved 1079296K
  class space    used 4694K, capacity 4974K, committed 4992K, reserved 1048576K
Event: 8.194 GC heap after
Heap after GC invocations=9 (full 2):
 PSYoungGen      total 107008K, used 0K [0x00000000e0000000, 0x00000000e9f00000, 0x0000000100000000)
  eden space 95744K, 0% used [0x00000000e0000000,0x00000000e0000000,0x00000000e5d80000)
  from space 11264K, 0% used [0x00000000e5d80000,0x00000000e5d80000,0x00000000e6880000)
  to   space 12288K, 0% used [0x00000000e9300000,0x00000000e9300000,0x00000000e9f00000)
 ParOldGen       total 102912K, used 16310K [0x00000000a0000000, 0x00000000a6480000, 0x00000000e0000000)
  object space 102912K, 15% used [0x00000000a0000000,0x00000000a0fedb38,0x00000000a6480000)
 Metaspace       used 34473K, capacity 35252K, committed 35416K, reserved 1079296K
  class space    used 4694K, capacity 4974K, committed 4992K, reserved 1048576K
}

