# JRE version: OpenJDK Runtime Environment (8.0_152-b01) (build 1.8.0_152-release-915-b01)
# Java VM: OpenJDK 64-Bit Server VM (25.152-b01 mixed mode windows-amd64 compressed oops)
Heap:
 PSYoungGen      total 317952K, used 38446K [0x00000000e0000000, 0x00000000f8e00000, 0x0000000100000000)
  eden space 294912K, 5% used [0x00000000e0000000,0x00000000e0f10230,0x00000000f2000000)
  from space 23040K, 99% used [0x00000000f2000000,0x00000000f367b7a8,0x00000000f3680000)
  to   space 27648K, 0% used [0x00000000f7300000,0x00000000f7300000,0x00000000f8e00000)
 ParOldGen       total 146432K, used 55173K [0x00000000a0000000, 0x00000000a8f00000, 0x00000000e0000000)
  object space 146432K, 37% used [0x00000000a0000000,0x00000000a35e1458,0x00000000a8f00000)
 Metaspace       used 71216K, capacity 76412K, committed 76544K, reserved 1116160K
  class space    used 9266K, capacity 10446K, committed 10496K, reserved 1048576K
GC Heap History (10 events):
Event: 109.457 GC heap before
{Heap before GC invocations=20 (full 3):
 PSYoungGen      total 208896K, used 201054K [0x00000000e0000000, 0x00000000eef00000, 0x0000000100000000)
  eden space 190464K, 100% used [0x00000000e0000000,0x00000000eba00000,0x00000000eba00000)
  from space 18432K, 57% used [0x00000000edd00000,0x00000000ee757998,0x00000000eef00000)
  to   space 27136K, 0% used [0x00000000eba00000,0x00000000eba00000,0x00000000ed480000)
 ParOldGen       total 146432K, used 46752K [0x00000000a0000000, 0x00000000a8f00000, 0x00000000e0000000)
  object space 146432K, 31% used [0x00000000a0000000,0x00000000a2da8128,0x00000000a8f00000)
 Metaspace       used 64146K, capacity 67514K, committed 67712K, reserved 1107968K
  class space    used 8526K, capacity 9313K, committed 9344K, reserved 1048576K
Event: 109.471 GC heap after
Heap after GC invocations=20 (full 3):
 PSYoungGen      total 217600K, used 12197K [0x00000000e0000000, 0x00000000f2300000, 0x0000000100000000)
  eden space 190464K, 0% used [0x00000000e0000000,0x00000000e0000000,0x00000000eba00000)
  from space 27136K, 44% used [0x00000000eba00000,0x00000000ec5e9768,0x00000000ed480000)
  to   space 25600K, 0% used [0x00000000f0a00000,0x00000000f0a00000,0x00000000f2300000)
 ParOldGen       total 146432K, used 46760K [0x00000000a0000000, 0x00000000a8f00000, 0x00000000e0000000)
  object space 146432K, 31% used [0x00000000a0000000,0x00000000a2daa128,0x00000000a8f00000)
 Metaspace       used 64146K, capacity 67514K, committed 67712K, reserved 1107968K
  class space    used 8526K, capacity 9313K, committed 9344K, reserved 1048576K
}
Event: 172.343 GC heap before
{Heap before GC invocations=21 (full 3):
 PSYoungGen      total 217600K, used 202661K [0x00000000e0000000, 0x00000000f2300000, 0x0000000100000000)
  eden space 190464K, 100% used [0x00000000e0000000,0x00000000eba00000,0x00000000eba00000)
  from space 27136K, 44% used [0x00000000eba00000,0x00000000ec5e9768,0x00000000ed480000)
  to   space 25600K, 0% used [0x00000000f0a00000,0x00000000f0a00000,0x00000000f2300000)
 ParOldGen       total 146432K, used 46760K [0x00000000a0000000, 0x00000000a8f00000, 0x00000000e0000000)
  object space 146432K, 31% used [0x00000000a0000000,0x00000000a2daa128,0x00000000a8f00000)
 Metaspace       used 65606K, capacity 69414K, committed 69632K, reserved 1110016K
  class space    used 8711K, capacity 9608K, committed 9728K, reserved 1048576K
Event: 172.360 GC heap after
Heap after GC invocations=21 (full 3):
 PSYoungGen      total 260096K, used 11629K [0x00000000e0000000, 0x00000000f1b80000, 0x0000000100000000)
  eden space 242176K, 0% used [0x00000000e0000000,0x00000000e0000000,0x00000000eec80000)
  from space 17920K, 64% used [0x00000000f0a00000,0x00000000f155b650,0x00000000f1b80000)
  to   space 24064K, 0% used [0x00000000eec80000,0x00000000eec80000,0x00000000f0400000)
 ParOldGen       total 146432K, used 46768K [0x00000000a0000000, 0x00000000a8f00000, 0x00000000e0000000)
  object space 146432K, 31% used [0x00000000a0000000,0x00000000a2dac128,0x00000000a8f00000)
 Metaspace       used 65606K, capacity 69414K, committed 69632K, reserved 1110016K
  class space    used 8711K, capacity 9608K, committed 9728K, reserved 1048576K
}
Event: 832.871 GC heap before
{Heap before GC invocations=22 (full 3):
 PSYoungGen      total 260096K, used 253805K [0x00000000e0000000, 0x00000000f1b80000, 0x0000000100000000)
  eden space 242176K, 100% used [0x00000000e0000000,0x00000000eec80000,0x00000000eec80000)
  from space 17920K, 64% used [0x00000000f0a00000,0x00000000f155b650,0x00000000f1b80000)
  to   space 24064K, 0% used [0x00000000eec80000,0x00000000eec80000,0x00000000f0400000)
 ParOldGen       total 146432K, used 46768K [0x00000000a0000000, 0x00000000a8f00000, 0x00000000e0000000)
  object space 146432K, 31% used [0x00000000a0000000,0x00000000a2dac128,0x00000000a8f00000)
 Metaspace       used 66516K, capacity 70976K, committed 71040K, reserved 1110016K
  class space    used 8801K, capacity 9830K, committed 9856K, reserved 1048576K
Event: 832.891 GC heap after
Heap after GC invocations=22 (full 3):
 PSYoungGen      total 266240K, used 10336K [0x00000000e0000000, 0x00000000f5480000, 0x0000000100000000)
  eden space 242176K, 0% used [0x00000000e0000000,0x00000000e0000000,0x00000000eec80000)
  from space 24064K, 42% used [0x00000000eec80000,0x00000000ef698050,0x00000000f0400000)
  to   space 23552K, 0% used [0x00000000f3d80000,0x00000000f3d80000,0x00000000f5480000)
 ParOldGen       total 146432K, used 46776K [0x00000000a0000000, 0x00000000a8f00000, 0x00000000e0000000)
  object space 146432K, 31% used [0x00000000a0000000,0x00000000a2dae128,0x00000000a8f00000)
 Metaspace       used 66516K, capacity 70976K, committed 71040K, reserved 1110016K
  class space    used 8801K, capacity 9830K, committed 9856K, reserved 1048576K
}
Event: 858.155 GC heap before
{Heap before GC invocations=23 (full 3):
 PSYoungGen      total 266240K, used 252512K [0x00000000e0000000, 0x00000000f5480000, 0x0000000100000000)
  eden space 242176K, 100% used [0x00000000e0000000,0x00000000eec80000,0x00000000eec80000)
  from space 24064K, 42% used [0x00000000eec80000,0x00000000ef698050,0x00000000f0400000)
  to   space 23552K, 0% used [0x00000000f3d80000,0x00000000f3d80000,0x00000000f5480000)
 ParOldGen       total 146432K, used 46776K [0x00000000a0000000, 0x00000000a8f00000, 0x00000000e0000000)
  object space 146432K, 31% used [0x00000000a0000000,0x00000000a2dae128,0x00000000a8f00000)
 Metaspace       used 67148K, capacity 72024K, committed 72320K, reserved 1112064K
  class space    used 8885K, capacity 10022K, committed 10112K, reserved 1048576K
Event: 858.171 GC heap after
Heap after GC invocations=23 (full 3):
 PSYoungGen      total 310784K, used 9392K [0x00000000e0000000, 0x00000000f4d00000, 0x0000000100000000)
  eden space 294912K, 0% used [0x00000000e0000000,0x00000000e0000000,0x00000000f2000000)
  from space 15872K, 59% used [0x00000000f3d80000,0x00000000f46ac070,0x00000000f4d00000)
  to   space 23040K, 0% used [0x00000000f2000000,0x00000000f2000000,0x00000000f3680000)
 ParOldGen       total 146432K, used 49716K [0x00000000a0000000, 0x00000000a8f00000, 0x00000000e0000000)
  object space 146432K, 33% used [0x00000000a0000000,0x00000000a308d208,0x00000000a8f00000)
 Metaspace       used 67148K, capacity 72024K, committed 72320K, reserved 1112064K
  class space    used 8885K, capacity 10022K, committed 10112K, reserved 1048576K
}
Event: 864.277 GC heap before
{Heap before GC invocations=24 (full 3):
 PSYoungGen      total 310784K, used 304304K [0x00000000e0000000, 0x00000000f4d00000, 0x0000000100000000)
  eden space 294912K, 100% used [0x00000000e0000000,0x00000000f2000000,0x00000000f2000000)
  from space 15872K, 59% used [0x00000000f3d80000,0x00000000f46ac070,0x00000000f4d00000)
  to   space 23040K, 0% used [0x00000000f2000000,0x00000000f2000000,0x00000000f3680000)
 ParOldGen       total 146432K, used 49716K [0x00000000a0000000, 0x00000000a8f00000, 0x00000000e0000000)
  object space 146432K, 33% used [0x00000000a0000000,0x00000000a308d208,0x00000000a8f00000)
 Metaspace       used 71216K, capacity 76412K, committed 76544K, reserved 1116160K
  class space    used 9266K, capacity 10446K, committed 10496K, reserved 1048576K
Event: 864.310 GC heap after
Heap after GC invocations=24 (full 3):
 PSYoungGen      total 317952K, used 23021K [0x00000000e0000000, 0x00000000f8e00000, 0x0000000100000000)
  eden space 294912K, 0% used [0x00000000e0000000,0x00000000e0000000,0x00000000f2000000)
  from space 23040K, 99% used [0x00000000f2000000,0x00000000f367b7a8,0x00000000f3680000)
  to   space 27648K, 0% used [0x00000000f7300000,0x00000000f7300000,0x00000000f8e00000)
 ParOldGen       total 146432K, used 55173K [0x00000000a0000000, 0x00000000a8f00000, 0x00000000e0000000)
  object space 146432K, 37% used [0x00000000a0000000,0x00000000a35e1458,0x00000000a8f00000)
 Metaspace       used 71216K, capacity 76412K, committed 76544K, reserved 1116160K
  class space    used 9266K, capacity 10446K, committed 10496K, reserved 1048576K
}

