# JRE version: OpenJDK Runtime Environment (8.0_152-b02) (build 1.8.0_152-release-1024-b02)
# Java VM: OpenJDK 64-Bit Server VM (25.152-b02 mixed mode windows-amd64 compressed oops)
Heap:
 PSYoungGen      total 269312K, used 158010K [0x00000000e0000000, 0x00000000f8180000, 0x0000000100000000)
  eden space 245248K, 60% used [0x00000000e0000000,0x00000000e9085de0,0x00000000eef80000)
  from space 24064K, 41% used [0x00000000eef80000,0x00000000ef948cb0,0x00000000f0700000)
  to   space 23040K, 0% used [0x00000000f6b00000,0x00000000f6b00000,0x00000000f8180000)
 ParOldGen       total 162816K, used 48641K [0x00000000a0000000, 0x00000000a9f00000, 0x00000000e0000000)
  object space 162816K, 29% used [0x00000000a0000000,0x00000000a2f80778,0x00000000a9f00000)
 Metaspace       used 72041K, capacity 75016K, committed 75224K, reserved 1114112K
  class space    used 9227K, capacity 9921K, committed 9984K, reserved 1048576K
GC Heap History (10 events):
Event: 14.203 GC heap before
{Heap before GC invocations=14 (full 3):
 PSYoungGen      total 201728K, used 20454K [0x00000000e0000000, 0x00000000f0980000, 0x0000000100000000)
  eden space 181248K, 0% used [0x00000000e0000000,0x00000000e0000000,0x00000000eb100000)
  from space 20480K, 99% used [0x00000000eb100000,0x00000000ec4f9850,0x00000000ec500000)
  to   space 24576K, 0% used [0x00000000ef180000,0x00000000ef180000,0x00000000f0980000)
 ParOldGen       total 98304K, used 34490K [0x00000000a0000000, 0x00000000a6000000, 0x00000000e0000000)
  object space 98304K, 35% used [0x00000000a0000000,0x00000000a21aeb40,0x00000000a6000000)
 Metaspace       used 57192K, capacity 58892K, committed 59028K, reserved 1099776K
  class space    used 7660K, capacity 8083K, committed 8192K, reserved 1048576K
Event: 14.508 GC heap after
Heap after GC invocations=14 (full 3):
 PSYoungGen      total 201728K, used 0K [0x00000000e0000000, 0x00000000f0980000, 0x0000000100000000)
  eden space 181248K, 0% used [0x00000000e0000000,0x00000000e0000000,0x00000000eb100000)
  from space 20480K, 0% used [0x00000000eb100000,0x00000000eb100000,0x00000000ec500000)
  to   space 24576K, 0% used [0x00000000ef180000,0x00000000ef180000,0x00000000f0980000)
 ParOldGen       total 162816K, used 45665K [0x00000000a0000000, 0x00000000a9f00000, 0x00000000e0000000)
  object space 162816K, 28% used [0x00000000a0000000,0x00000000a2c98688,0x00000000a9f00000)
 Metaspace       used 57192K, capacity 58892K, committed 59028K, reserved 1099776K
  class space    used 7660K, capacity 8083K, committed 8192K, reserved 1048576K
}
Event: 31.392 GC heap before
{Heap before GC invocations=15 (full 3):
 PSYoungGen      total 201728K, used 181248K [0x00000000e0000000, 0x00000000f0980000, 0x0000000100000000)
  eden space 181248K, 100% used [0x00000000e0000000,0x00000000eb100000,0x00000000eb100000)
  from space 20480K, 0% used [0x00000000eb100000,0x00000000eb100000,0x00000000ec500000)
  to   space 24576K, 0% used [0x00000000ef180000,0x00000000ef180000,0x00000000f0980000)
 ParOldGen       total 162816K, used 45665K [0x00000000a0000000, 0x00000000a9f00000, 0x00000000e0000000)
  object space 162816K, 28% used [0x00000000a0000000,0x00000000a2c98688,0x00000000a9f00000)
 Metaspace       used 62157K, capacity 64142K, committed 64472K, reserved 1105920K
  class space    used 8110K, capacity 8612K, committed 8704K, reserved 1048576K
Event: 31.407 GC heap after
Heap after GC invocations=15 (full 3):
 PSYoungGen      total 224768K, used 7828K [0x00000000e0000000, 0x00000000efd80000, 0x0000000100000000)
  eden space 212480K, 0% used [0x00000000e0000000,0x00000000e0000000,0x00000000ecf80000)
  from space 12288K, 63% used [0x00000000ef180000,0x00000000ef9250a0,0x00000000efd80000)
  to   space 23552K, 0% used [0x00000000ecf80000,0x00000000ecf80000,0x00000000ee680000)
 ParOldGen       total 162816K, used 45673K [0x00000000a0000000, 0x00000000a9f00000, 0x00000000e0000000)
  object space 162816K, 28% used [0x00000000a0000000,0x00000000a2c9a688,0x00000000a9f00000)
 Metaspace       used 62157K, capacity 64142K, committed 64472K, reserved 1105920K
  class space    used 8110K, capacity 8612K, committed 8704K, reserved 1048576K
}
Event: 36.982 GC heap before
{Heap before GC invocations=16 (full 3):
 PSYoungGen      total 224768K, used 219522K [0x00000000e0000000, 0x00000000efd80000, 0x0000000100000000)
  eden space 212480K, 99% used [0x00000000e0000000,0x00000000ecebba10,0x00000000ecf80000)
  from space 12288K, 63% used [0x00000000ef180000,0x00000000ef9250a0,0x00000000efd80000)
  to   space 23552K, 0% used [0x00000000ecf80000,0x00000000ecf80000,0x00000000ee680000)
 ParOldGen       total 162816K, used 45673K [0x00000000a0000000, 0x00000000a9f00000, 0x00000000e0000000)
  object space 162816K, 28% used [0x00000000a0000000,0x00000000a2c9a688,0x00000000a9f00000)
 Metaspace       used 70020K, capacity 72394K, committed 72536K, reserved 1112064K
  class space    used 9026K, capacity 9588K, committed 9600K, reserved 1048576K
Event: 37.009 GC heap after
Heap after GC invocations=16 (full 3):
 PSYoungGen      total 236032K, used 15982K [0x00000000e0000000, 0x00000000f1f00000, 0x0000000100000000)
  eden space 212480K, 0% used [0x00000000e0000000,0x00000000e0000000,0x00000000ecf80000)
  from space 23552K, 67% used [0x00000000ecf80000,0x00000000edf1bbe8,0x00000000ee680000)
  to   space 24576K, 0% used [0x00000000f0700000,0x00000000f0700000,0x00000000f1f00000)
 ParOldGen       total 162816K, used 45689K [0x00000000a0000000, 0x00000000a9f00000, 0x00000000e0000000)
  object space 162816K, 28% used [0x00000000a0000000,0x00000000a2c9e688,0x00000000a9f00000)
 Metaspace       used 70020K, capacity 72394K, committed 72536K, reserved 1112064K
  class space    used 9026K, capacity 9588K, committed 9600K, reserved 1048576K
}
Event: 37.036 GC heap before
{Heap before GC invocations=17 (full 3):
 PSYoungGen      total 236032K, used 228043K [0x00000000e0000000, 0x00000000f1f00000, 0x0000000100000000)
  eden space 212480K, 99% used [0x00000000e0000000,0x00000000ecf17350,0x00000000ecf80000)
  from space 23552K, 67% used [0x00000000ecf80000,0x00000000edf1bbe8,0x00000000ee680000)
  to   space 24576K, 0% used [0x00000000f0700000,0x00000000f0700000,0x00000000f1f00000)
 ParOldGen       total 162816K, used 45689K [0x00000000a0000000, 0x00000000a9f00000, 0x00000000e0000000)
  object space 162816K, 28% used [0x00000000a0000000,0x00000000a2c9e688,0x00000000a9f00000)
 Metaspace       used 70030K, capacity 72394K, committed 72536K, reserved 1112064K
  class space    used 9026K, capacity 9588K, committed 9600K, reserved 1048576K
Event: 37.052 GC heap after
Heap after GC invocations=17 (full 3):
 PSYoungGen      total 269824K, used 14000K [0x00000000e0000000, 0x00000000f5d00000, 0x0000000100000000)
  eden space 245248K, 0% used [0x00000000e0000000,0x00000000e0000000,0x00000000eef80000)
  from space 24576K, 56% used [0x00000000f0700000,0x00000000f14ac120,0x00000000f1f00000)
  to   space 24064K, 0% used [0x00000000eef80000,0x00000000eef80000,0x00000000f0700000)
 ParOldGen       total 162816K, used 45697K [0x00000000a0000000, 0x00000000a9f00000, 0x00000000e0000000)
  object space 162816K, 28% used [0x00000000a0000000,0x00000000a2ca0688,0x00000000a9f00000)
 Metaspace       used 70030K, capacity 72394K, committed 72536K, reserved 1112064K
  class space    used 9026K, capacity 9588K, committed 9600K, reserved 1048576K
}
Event: 179.915 GC heap before
{Heap before GC invocations=18 (full 3):
 PSYoungGen      total 269824K, used 259248K [0x00000000e0000000, 0x00000000f5d00000, 0x0000000100000000)
  eden space 245248K, 100% used [0x00000000e0000000,0x00000000eef80000,0x00000000eef80000)
  from space 24576K, 56% used [0x00000000f0700000,0x00000000f14ac120,0x00000000f1f00000)
  to   space 24064K, 0% used [0x00000000eef80000,0x00000000eef80000,0x00000000f0700000)
 ParOldGen       total 162816K, used 45697K [0x00000000a0000000, 0x00000000a9f00000, 0x00000000e0000000)
  object space 162816K, 28% used [0x00000000a0000000,0x00000000a2ca0688,0x00000000a9f00000)
 Metaspace       used 71573K, capacity 74430K, committed 74712K, reserved 1114112K
  class space    used 9216K, capacity 9900K, committed 9984K, reserved 1048576K
Event: 179.931 GC heap after
Heap after GC invocations=18 (full 3):
 PSYoungGen      total 269312K, used 10019K [0x00000000e0000000, 0x00000000f8180000, 0x0000000100000000)
  eden space 245248K, 0% used [0x00000000e0000000,0x00000000e0000000,0x00000000eef80000)
  from space 24064K, 41% used [0x00000000eef80000,0x00000000ef948cb0,0x00000000f0700000)
  to   space 23040K, 0% used [0x00000000f6b00000,0x00000000f6b00000,0x00000000f8180000)
 ParOldGen       total 162816K, used 48641K [0x00000000a0000000, 0x00000000a9f00000, 0x00000000e0000000)
  object space 162816K, 29% used [0x00000000a0000000,0x00000000a2f80778,0x00000000a9f00000)
 Metaspace       used 71573K, capacity 74430K, committed 74712K, reserved 1114112K
  class space    used 9216K, capacity 9900K, committed 9984K, reserved 1048576K
}

