# JRE version: OpenJDK Runtime Environment (8.0_152-b02) (build 1.8.0_152-release-1024-b02)
# Java VM: OpenJDK 64-Bit Server VM (25.152-b02 mixed mode windows-amd64 compressed oops)
Heap:
 PSYoungGen      total 372224K, used 13586K [0x00000000e0000000, 0x00000000fc100000, 0x0000000100000000)
  eden space 325120K, 4% used [0x00000000e0000000,0x00000000e0d44be8,0x00000000f3d80000)
  from space 47104K, 0% used [0x00000000f7300000,0x00000000f7300000,0x00000000fa100000)
  to   space 54784K, 0% used [0x00000000f3d80000,0x00000000f3d80000,0x00000000f7300000)
 ParOldGen       total 158720K, used 73881K [0x00000000a0000000, 0x00000000a9b00000, 0x00000000e0000000)
  object space 158720K, 46% used [0x00000000a0000000,0x00000000a4826448,0x00000000a9b00000)
 Metaspace       used 94784K, capacity 98626K, committed 98892K, reserved 1134592K
  class space    used 12032K, capacity 12932K, committed 13056K, reserved 1048576K
GC Heap History (10 events):
Event: 225.396 GC heap before
{Heap before GC invocations=20 (full 3):
 PSYoungGen      total 284672K, used 284651K [0x00000000e0000000, 0x00000000f3680000, 0x0000000100000000)
  eden space 260608K, 100% used [0x00000000e0000000,0x00000000efe80000,0x00000000efe80000)
  from space 24064K, 99% used [0x00000000f1c00000,0x00000000f337aff0,0x00000000f3380000)
  to   space 28672K, 0% used [0x00000000efe80000,0x00000000efe80000,0x00000000f1a80000)
 ParOldGen       total 158720K, used 44996K [0x00000000a0000000, 0x00000000a9b00000, 0x00000000e0000000)
  object space 158720K, 28% used [0x00000000a0000000,0x00000000a2bf1250,0x00000000a9b00000)
 Metaspace       used 79096K, capacity 82294K, committed 82520K, reserved 1120256K
  class space    used 10345K, capacity 11091K, committed 11136K, reserved 1048576K
Event: 225.465 GC heap after
Heap after GC invocations=20 (full 3):
 PSYoungGen      total 289280K, used 28661K [0x00000000e0000000, 0x00000000f6d80000, 0x0000000100000000)
  eden space 260608K, 0% used [0x00000000e0000000,0x00000000e0000000,0x00000000efe80000)
  from space 28672K, 99% used [0x00000000efe80000,0x00000000f1a7d620,0x00000000f1a80000)
  to   space 37888K, 0% used [0x00000000f4880000,0x00000000f4880000,0x00000000f6d80000)
 ParOldGen       total 158720K, used 59135K [0x00000000a0000000, 0x00000000a9b00000, 0x00000000e0000000)
  object space 158720K, 37% used [0x00000000a0000000,0x00000000a39bfd40,0x00000000a9b00000)
 Metaspace       used 79096K, capacity 82294K, committed 82520K, reserved 1120256K
  class space    used 10345K, capacity 11091K, committed 11136K, reserved 1048576K
}
Event: 299.320 GC heap before
{Heap before GC invocations=21 (full 3):
 PSYoungGen      total 289280K, used 289269K [0x00000000e0000000, 0x00000000f6d80000, 0x0000000100000000)
  eden space 260608K, 100% used [0x00000000e0000000,0x00000000efe80000,0x00000000efe80000)
  from space 28672K, 99% used [0x00000000efe80000,0x00000000f1a7d620,0x00000000f1a80000)
  to   space 37888K, 0% used [0x00000000f4880000,0x00000000f4880000,0x00000000f6d80000)
 ParOldGen       total 158720K, used 59135K [0x00000000a0000000, 0x00000000a9b00000, 0x00000000e0000000)
  object space 158720K, 37% used [0x00000000a0000000,0x00000000a39bfd40,0x00000000a9b00000)
 Metaspace       used 88106K, capacity 91800K, committed 91992K, reserved 1128448K
  class space    used 11276K, capacity 12124K, committed 12160K, reserved 1048576K
Event: 299.373 GC heap after
Heap after GC invocations=21 (full 3):
 PSYoungGen      total 330752K, used 36387K [0x00000000e0000000, 0x00000000f7300000, 0x0000000100000000)
  eden space 292864K, 0% used [0x00000000e0000000,0x00000000e0000000,0x00000000f1e00000)
  from space 37888K, 96% used [0x00000000f4880000,0x00000000f6c08c38,0x00000000f6d80000)
  to   space 43520K, 0% used [0x00000000f1e00000,0x00000000f1e00000,0x00000000f4880000)
 ParOldGen       total 158720K, used 59143K [0x00000000a0000000, 0x00000000a9b00000, 0x00000000e0000000)
  object space 158720K, 37% used [0x00000000a0000000,0x00000000a39c1d40,0x00000000a9b00000)
 Metaspace       used 88106K, capacity 91800K, committed 91992K, reserved 1128448K
  class space    used 11276K, capacity 12124K, committed 12160K, reserved 1048576K
}
Event: 306.464 GC heap before
{Heap before GC invocations=22 (full 3):
 PSYoungGen      total 330752K, used 329251K [0x00000000e0000000, 0x00000000f7300000, 0x0000000100000000)
  eden space 292864K, 100% used [0x00000000e0000000,0x00000000f1e00000,0x00000000f1e00000)
  from space 37888K, 96% used [0x00000000f4880000,0x00000000f6c08c38,0x00000000f6d80000)
  to   space 43520K, 0% used [0x00000000f1e00000,0x00000000f1e00000,0x00000000f4880000)
 ParOldGen       total 158720K, used 59143K [0x00000000a0000000, 0x00000000a9b00000, 0x00000000e0000000)
  object space 158720K, 37% used [0x00000000a0000000,0x00000000a39c1d40,0x00000000a9b00000)
 Metaspace       used 89084K, capacity 92966K, committed 93144K, reserved 1130496K
  class space    used 11402K, capacity 12283K, committed 12288K, reserved 1048576K
Event: 306.519 GC heap after
Heap after GC invocations=22 (full 3):
 PSYoungGen      total 336384K, used 35024K [0x00000000e0000000, 0x00000000fa100000, 0x0000000100000000)
  eden space 292864K, 0% used [0x00000000e0000000,0x00000000e0000000,0x00000000f1e00000)
  from space 43520K, 80% used [0x00000000f1e00000,0x00000000f4034380,0x00000000f4880000)
  to   space 47104K, 0% used [0x00000000f7300000,0x00000000f7300000,0x00000000fa100000)
 ParOldGen       total 158720K, used 59151K [0x00000000a0000000, 0x00000000a9b00000, 0x00000000e0000000)
  object space 158720K, 37% used [0x00000000a0000000,0x00000000a39c3d40,0x00000000a9b00000)
 Metaspace       used 89084K, capacity 92966K, committed 93144K, reserved 1130496K
  class space    used 11402K, capacity 12283K, committed 12288K, reserved 1048576K
}
Event: 309.187 GC heap before
{Heap before GC invocations=23 (full 3):
 PSYoungGen      total 336384K, used 141029K [0x00000000e0000000, 0x00000000fa100000, 0x0000000100000000)
  eden space 292864K, 36% used [0x00000000e0000000,0x00000000e67853c8,0x00000000f1e00000)
  from space 43520K, 80% used [0x00000000f1e00000,0x00000000f4034380,0x00000000f4880000)
  to   space 47104K, 0% used [0x00000000f7300000,0x00000000f7300000,0x00000000fa100000)
 ParOldGen       total 158720K, used 59151K [0x00000000a0000000, 0x00000000a9b00000, 0x00000000e0000000)
  object space 158720K, 37% used [0x00000000a0000000,0x00000000a39c3d40,0x00000000a9b00000)
 Metaspace       used 94230K, capacity 98182K, committed 98380K, reserved 1134592K
  class space    used 12025K, capacity 12955K, committed 13056K, reserved 1048576K
Event: 309.253 GC heap after
Heap after GC invocations=23 (full 3):
 PSYoungGen      total 372224K, used 46867K [0x00000000e0000000, 0x00000000fc100000, 0x0000000100000000)
  eden space 325120K, 0% used [0x00000000e0000000,0x00000000e0000000,0x00000000f3d80000)
  from space 47104K, 99% used [0x00000000f7300000,0x00000000fa0c4f10,0x00000000fa100000)
  to   space 54784K, 0% used [0x00000000f3d80000,0x00000000f3d80000,0x00000000f7300000)
 ParOldGen       total 158720K, used 59159K [0x00000000a0000000, 0x00000000a9b00000, 0x00000000e0000000)
  object space 158720K, 37% used [0x00000000a0000000,0x00000000a39c5d40,0x00000000a9b00000)
 Metaspace       used 94230K, capacity 98182K, committed 98380K, reserved 1134592K
  class space    used 12025K, capacity 12955K, committed 13056K, reserved 1048576K
}
Event: 309.253 GC heap before
{Heap before GC invocations=24 (full 4):
 PSYoungGen      total 372224K, used 46867K [0x00000000e0000000, 0x00000000fc100000, 0x0000000100000000)
  eden space 325120K, 0% used [0x00000000e0000000,0x00000000e0000000,0x00000000f3d80000)
  from space 47104K, 99% used [0x00000000f7300000,0x00000000fa0c4f10,0x00000000fa100000)
  to   space 54784K, 0% used [0x00000000f3d80000,0x00000000f3d80000,0x00000000f7300000)
 ParOldGen       total 158720K, used 59159K [0x00000000a0000000, 0x00000000a9b00000, 0x00000000e0000000)
  object space 158720K, 37% used [0x00000000a0000000,0x00000000a39c5d40,0x00000000a9b00000)
 Metaspace       used 94230K, capacity 98182K, committed 98380K, reserved 1134592K
  class space    used 12025K, capacity 12955K, committed 13056K, reserved 1048576K
Event: 309.679 GC heap after
Heap after GC invocations=24 (full 4):
 PSYoungGen      total 372224K, used 0K [0x00000000e0000000, 0x00000000fc100000, 0x0000000100000000)
  eden space 325120K, 0% used [0x00000000e0000000,0x00000000e0000000,0x00000000f3d80000)
  from space 47104K, 0% used [0x00000000f7300000,0x00000000f7300000,0x00000000fa100000)
  to   space 54784K, 0% used [0x00000000f3d80000,0x00000000f3d80000,0x00000000f7300000)
 ParOldGen       total 158720K, used 73881K [0x00000000a0000000, 0x00000000a9b00000, 0x00000000e0000000)
  object space 158720K, 46% used [0x00000000a0000000,0x00000000a4826448,0x00000000a9b00000)
 Metaspace       used 94157K, capacity 97954K, committed 98380K, reserved 1134592K
  class space    used 12002K, capacity 12900K, committed 13056K, reserved 1048576K
}

