# JRE version: OpenJDK Runtime Environment (8.0_152-b01) (build 1.8.0_152-release-915-b01)
# Java VM: OpenJDK 64-Bit Server VM (25.152-b01 mixed mode windows-amd64 compressed oops)
Heap:
 PSYoungGen      total 111104K, used 26622K [0x00000000e0000000, 0x00000000ea780000, 0x0000000100000000)
  eden space 99840K, 26% used [0x00000000e0000000,0x00000000e19ffbe0,0x00000000e6180000)
  from space 11264K, 0% used [0x00000000e6180000,0x00000000e6180000,0x00000000e6c80000)
  to   space 12288K, 0% used [0x00000000e9b80000,0x00000000e9b80000,0x00000000ea780000)
 ParOldGen       total 98304K, used 16321K [0x00000000a0000000, 0x00000000a6000000, 0x00000000e0000000)
  object space 98304K, 16% used [0x00000000a0000000,0x00000000a0ff0788,0x00000000a6000000)
 Metaspace       used 38220K, capacity 39088K, committed 39384K, reserved 1083392K
  class space    used 5175K, capacity 5531K, committed 5632K, reserved 1048576K
GC Heap History (10 events):
Event: 3.670 GC heap before
{Heap before GC invocations=5 (full 1):
 PSYoungGen      total 71680K, used 5104K [0x00000000e0000000, 0x00000000e4b00000, 0x0000000100000000)
  eden space 66560K, 0% used [0x00000000e0000000,0x00000000e0000000,0x00000000e4100000)
  from space 5120K, 99% used [0x00000000e4600000,0x00000000e4afc020,0x00000000e4b00000)
  to   space 5120K, 0% used [0x00000000e4100000,0x00000000e4100000,0x00000000e4600000)
 ParOldGen       total 87552K, used 7585K [0x00000000a0000000, 0x00000000a5580000, 0x00000000e0000000)
  object space 87552K, 8% used [0x00000000a0000000,0x00000000a0768788,0x00000000a5580000)
 Metaspace       used 20686K, capacity 21124K, committed 21248K, reserved 1067008K
  class space    used 2859K, capacity 3039K, committed 3072K, reserved 1048576K
Event: 3.715 GC heap after
Heap after GC invocations=5 (full 1):
 PSYoungGen      total 71680K, used 0K [0x00000000e0000000, 0x00000000e4b00000, 0x0000000100000000)
  eden space 66560K, 0% used [0x00000000e0000000,0x00000000e0000000,0x00000000e4100000)
  from space 5120K, 0% used [0x00000000e4600000,0x00000000e4600000,0x00000000e4b00000)
  to   space 5120K, 0% used [0x00000000e4100000,0x00000000e4100000,0x00000000e4600000)
 ParOldGen       total 61440K, used 8671K [0x00000000a0000000, 0x00000000a3c00000, 0x00000000e0000000)
  object space 61440K, 14% used [0x00000000a0000000,0x00000000a0877fa0,0x00000000a3c00000)
 Metaspace       used 20686K, capacity 21124K, committed 21248K, reserved 1067008K
  class space    used 2859K, capacity 3039K, committed 3072K, reserved 1048576K
}
Event: 5.339 GC heap before
{Heap before GC invocations=6 (full 1):
 PSYoungGen      total 71680K, used 66560K [0x00000000e0000000, 0x00000000e4b00000, 0x0000000100000000)
  eden space 66560K, 100% used [0x00000000e0000000,0x00000000e4100000,0x00000000e4100000)
  from space 5120K, 0% used [0x00000000e4600000,0x00000000e4600000,0x00000000e4b00000)
  to   space 5120K, 0% used [0x00000000e4100000,0x00000000e4100000,0x00000000e4600000)
 ParOldGen       total 61440K, used 8671K [0x00000000a0000000, 0x00000000a3c00000, 0x00000000e0000000)
  object space 61440K, 14% used [0x00000000a0000000,0x00000000a0877fa0,0x00000000a3c00000)
 Metaspace       used 26144K, capacity 26662K, committed 26880K, reserved 1073152K
  class space    used 3539K, capacity 3746K, committed 3840K, reserved 1048576K
Event: 5.348 GC heap after
Heap after GC invocations=6 (full 1):
 PSYoungGen      total 71680K, used 5091K [0x00000000e0000000, 0x00000000e7680000, 0x0000000100000000)
  eden space 66560K, 0% used [0x00000000e0000000,0x00000000e0000000,0x00000000e4100000)
  from space 5120K, 99% used [0x00000000e4100000,0x00000000e45f8dc0,0x00000000e4600000)
  to   space 9728K, 0% used [0x00000000e6d00000,0x00000000e6d00000,0x00000000e7680000)
 ParOldGen       total 61440K, used 10347K [0x00000000a0000000, 0x00000000a3c00000, 0x00000000e0000000)
  object space 61440K, 16% used [0x00000000a0000000,0x00000000a0a1ae08,0x00000000a3c00000)
 Metaspace       used 26144K, capacity 26662K, committed 26880K, reserved 1073152K
  class space    used 3539K, capacity 3746K, committed 3840K, reserved 1048576K
}
Event: 6.874 GC heap before
{Heap before GC invocations=7 (full 1):
 PSYoungGen      total 71680K, used 71651K [0x00000000e0000000, 0x00000000e7680000, 0x0000000100000000)
  eden space 66560K, 100% used [0x00000000e0000000,0x00000000e4100000,0x00000000e4100000)
  from space 5120K, 99% used [0x00000000e4100000,0x00000000e45f8dc0,0x00000000e4600000)
  to   space 9728K, 0% used [0x00000000e6d00000,0x00000000e6d00000,0x00000000e7680000)
 ParOldGen       total 61440K, used 10347K [0x00000000a0000000, 0x00000000a3c00000, 0x00000000e0000000)
  object space 61440K, 16% used [0x00000000a0000000,0x00000000a0a1ae08,0x00000000a3c00000)
 Metaspace       used 31200K, capacity 31862K, committed 32000K, reserved 1077248K
  class space    used 4303K, capacity 4584K, committed 4608K, reserved 1048576K
Event: 6.885 GC heap after
Heap after GC invocations=7 (full 1):
 PSYoungGen      total 109568K, used 9703K [0x00000000e0000000, 0x00000000e7780000, 0x0000000100000000)
  eden space 99840K, 0% used [0x00000000e0000000,0x00000000e0000000,0x00000000e6180000)
  from space 9728K, 99% used [0x00000000e6d00000,0x00000000e7679fe0,0x00000000e7680000)
  to   space 11264K, 0% used [0x00000000e6180000,0x00000000e6180000,0x00000000e6c80000)
 ParOldGen       total 61440K, used 10430K [0x00000000a0000000, 0x00000000a3c00000, 0x00000000e0000000)
  object space 61440K, 16% used [0x00000000a0000000,0x00000000a0a2f8f0,0x00000000a3c00000)
 Metaspace       used 31200K, capacity 31862K, committed 32000K, reserved 1077248K
  class space    used 4303K, capacity 4584K, committed 4608K, reserved 1048576K
}
Event: 8.532 GC heap before
{Heap before GC invocations=8 (full 1):
 PSYoungGen      total 109568K, used 75872K [0x00000000e0000000, 0x00000000e7780000, 0x0000000100000000)
  eden space 99840K, 66% used [0x00000000e0000000,0x00000000e409e0a8,0x00000000e6180000)
  from space 9728K, 99% used [0x00000000e6d00000,0x00000000e7679fe0,0x00000000e7680000)
  to   space 11264K, 0% used [0x00000000e6180000,0x00000000e6180000,0x00000000e6c80000)
 ParOldGen       total 61440K, used 10430K [0x00000000a0000000, 0x00000000a3c00000, 0x00000000e0000000)
  object space 61440K, 16% used [0x00000000a0000000,0x00000000a0a2f8f0,0x00000000a3c00000)
 Metaspace       used 34501K, capacity 35316K, committed 35416K, reserved 1079296K
  class space    used 4691K, capacity 4974K, committed 4992K, reserved 1048576K
Event: 8.543 GC heap after
Heap after GC invocations=8 (full 1):
 PSYoungGen      total 111104K, used 10331K [0x00000000e0000000, 0x00000000ea780000, 0x0000000100000000)
  eden space 99840K, 0% used [0x00000000e0000000,0x00000000e0000000,0x00000000e6180000)
  from space 11264K, 91% used [0x00000000e6180000,0x00000000e6b96c98,0x00000000e6c80000)
  to   space 12288K, 0% used [0x00000000e9b80000,0x00000000e9b80000,0x00000000ea780000)
 ParOldGen       total 61440K, used 10502K [0x00000000a0000000, 0x00000000a3c00000, 0x00000000e0000000)
  object space 61440K, 17% used [0x00000000a0000000,0x00000000a0a41900,0x00000000a3c00000)
 Metaspace       used 34501K, capacity 35316K, committed 35416K, reserved 1079296K
  class space    used 4691K, capacity 4974K, committed 4992K, reserved 1048576K
}
Event: 8.543 GC heap before
{Heap before GC invocations=9 (full 2):
 PSYoungGen      total 111104K, used 10331K [0x00000000e0000000, 0x00000000ea780000, 0x0000000100000000)
  eden space 99840K, 0% used [0x00000000e0000000,0x00000000e0000000,0x00000000e6180000)
  from space 11264K, 91% used [0x00000000e6180000,0x00000000e6b96c98,0x00000000e6c80000)
  to   space 12288K, 0% used [0x00000000e9b80000,0x00000000e9b80000,0x00000000ea780000)
 ParOldGen       total 61440K, used 10502K [0x00000000a0000000, 0x00000000a3c00000, 0x00000000e0000000)
  object space 61440K, 17% used [0x00000000a0000000,0x00000000a0a41900,0x00000000a3c00000)
 Metaspace       used 34501K, capacity 35316K, committed 35416K, reserved 1079296K
  class space    used 4691K, capacity 4974K, committed 4992K, reserved 1048576K
Event: 8.653 GC heap after
Heap after GC invocations=9 (full 2):
 PSYoungGen      total 111104K, used 0K [0x00000000e0000000, 0x00000000ea780000, 0x0000000100000000)
  eden space 99840K, 0% used [0x00000000e0000000,0x00000000e0000000,0x00000000e6180000)
  from space 11264K, 0% used [0x00000000e6180000,0x00000000e6180000,0x00000000e6c80000)
  to   space 12288K, 0% used [0x00000000e9b80000,0x00000000e9b80000,0x00000000ea780000)
 ParOldGen       total 98304K, used 16321K [0x00000000a0000000, 0x00000000a6000000, 0x00000000e0000000)
  object space 98304K, 16% used [0x00000000a0000000,0x00000000a0ff0788,0x00000000a6000000)
 Metaspace       used 34501K, capacity 35316K, committed 35416K, reserved 1079296K
  class space    used 4691K, capacity 4974K, committed 4992K, reserved 1048576K
}

