# JRE version: OpenJDK Runtime Environment (8.0_152-b01) (build 1.8.0_152-release-915-b01)
# Java VM: OpenJDK 64-Bit Server VM (25.152-b01 mixed mode windows-amd64 compressed oops)
Heap:
 PSYoungGen      total 394752K, used 316388K [0x00000000e0000000, 0x00000000fdd80000, 0x0000000100000000)
  eden space 353792K, 88% used [0x00000000e0000000,0x00000000f322c1c8,0x00000000f5980000)
  from space 40960K, 7% used [0x00000000f5980000,0x00000000f5c4ced8,0x00000000f8180000)
  to   space 40448K, 0% used [0x00000000fb600000,0x00000000fb600000,0x00000000fdd80000)
 ParOldGen       total 178176K, used 109165K [0x00000000a0000000, 0x00000000aae00000, 0x00000000e0000000)
  object space 178176K, 61% used [0x00000000a0000000,0x00000000a6a9b668,0x00000000aae00000)
 Metaspace       used 88195K, capacity 96988K, committed 97368K, reserved 1132544K
  class space    used 11257K, capacity 13347K, committed 13440K, reserved 1048576K
GC Heap History (10 events):
Event: 4880.261 GC heap before
{Heap before GC invocations=49 (full 4):
 PSYoungGen      total 413696K, used 401926K [0x00000000e0000000, 0x00000000fcd00000, 0x0000000100000000)
  eden space 392192K, 100% used [0x00000000e0000000,0x00000000f7f00000,0x00000000f7f00000)
  from space 21504K, 45% used [0x00000000fb800000,0x00000000fc181b08,0x00000000fcd00000)
  to   space 39936K, 0% used [0x00000000f7f00000,0x00000000f7f00000,0x00000000fa600000)
 ParOldGen       total 178176K, used 102021K [0x00000000a0000000, 0x00000000aae00000, 0x00000000e0000000)
  object space 178176K, 57% used [0x00000000a0000000,0x00000000a63a17b8,0x00000000aae00000)
 Metaspace       used 87845K, capacity 96456K, committed 97112K, reserved 1132544K
  class space    used 11224K, capacity 13251K, committed 13440K, reserved 1048576K
Event: 4880.267 GC heap after
Heap after GC invocations=49 (full 4):
 PSYoungGen      total 381952K, used 4907K [0x00000000e0000000, 0x00000000fbd00000, 0x0000000100000000)
  eden space 376832K, 0% used [0x00000000e0000000,0x00000000e0000000,0x00000000f7000000)
  from space 5120K, 95% used [0x00000000f7f00000,0x00000000f83cafb0,0x00000000f8400000)
  to   space 39424K, 0% used [0x00000000f9680000,0x00000000f9680000,0x00000000fbd00000)
 ParOldGen       total 178176K, used 103109K [0x00000000a0000000, 0x00000000aae00000, 0x00000000e0000000)
  object space 178176K, 57% used [0x00000000a0000000,0x00000000a64b17e8,0x00000000aae00000)
 Metaspace       used 87845K, capacity 96456K, committed 97112K, reserved 1132544K
  class space    used 11224K, capacity 13251K, committed 13440K, reserved 1048576K
}
Event: 4990.761 GC heap before
{Heap before GC invocations=50 (full 4):
 PSYoungGen      total 381952K, used 381739K [0x00000000e0000000, 0x00000000fbd00000, 0x0000000100000000)
  eden space 376832K, 100% used [0x00000000e0000000,0x00000000f7000000,0x00000000f7000000)
  from space 5120K, 95% used [0x00000000f7f00000,0x00000000f83cafb0,0x00000000f8400000)
  to   space 39424K, 0% used [0x00000000f9680000,0x00000000f9680000,0x00000000fbd00000)
 ParOldGen       total 178176K, used 103109K [0x00000000a0000000, 0x00000000aae00000, 0x00000000e0000000)
  object space 178176K, 57% used [0x00000000a0000000,0x00000000a64b17e8,0x00000000aae00000)
 Metaspace       used 87962K, capacity 96728K, committed 97112K, reserved 1132544K
  class space    used 11238K, capacity 13295K, committed 13440K, reserved 1048576K
Event: 4990.768 GC heap after
Heap after GC invocations=50 (full 4):
 PSYoungGen      total 384512K, used 3524K [0x00000000e0000000, 0x00000000fac80000, 0x0000000100000000)
  eden space 361984K, 0% used [0x00000000e0000000,0x00000000e0000000,0x00000000f6180000)
  from space 22528K, 15% used [0x00000000f9680000,0x00000000f99f12d8,0x00000000fac80000)
  to   space 38400K, 0% used [0x00000000f6180000,0x00000000f6180000,0x00000000f8700000)
 ParOldGen       total 178176K, used 103293K [0x00000000a0000000, 0x00000000aae00000, 0x00000000e0000000)
  object space 178176K, 57% used [0x00000000a0000000,0x00000000a64df7e8,0x00000000aae00000)
 Metaspace       used 87962K, capacity 96728K, committed 97112K, reserved 1132544K
  class space    used 11238K, capacity 13295K, committed 13440K, reserved 1048576K
}
Event: 4994.197 GC heap before
{Heap before GC invocations=51 (full 4):
 PSYoungGen      total 384512K, used 365508K [0x00000000e0000000, 0x00000000fac80000, 0x0000000100000000)
  eden space 361984K, 100% used [0x00000000e0000000,0x00000000f6180000,0x00000000f6180000)
  from space 22528K, 15% used [0x00000000f9680000,0x00000000f99f12d8,0x00000000fac80000)
  to   space 38400K, 0% used [0x00000000f6180000,0x00000000f6180000,0x00000000f8700000)
 ParOldGen       total 178176K, used 103293K [0x00000000a0000000, 0x00000000aae00000, 0x00000000e0000000)
  object space 178176K, 57% used [0x00000000a0000000,0x00000000a64df7e8,0x00000000aae00000)
 Metaspace       used 88029K, capacity 96792K, committed 97368K, reserved 1132544K
  class space    used 11238K, capacity 13295K, committed 13440K, reserved 1048576K
Event: 4994.218 GC heap after
Heap after GC invocations=51 (full 4):
 PSYoungGen      total 380416K, used 32489K [0x00000000e0000000, 0x00000000fa780000, 0x0000000100000000)
  eden space 347648K, 0% used [0x00000000e0000000,0x00000000e0000000,0x00000000f5380000)
  from space 32768K, 99% used [0x00000000f6180000,0x00000000f813a420,0x00000000f8180000)
  to   space 38912K, 0% used [0x00000000f8180000,0x00000000f8180000,0x00000000fa780000)
 ParOldGen       total 178176K, used 104697K [0x00000000a0000000, 0x00000000aae00000, 0x00000000e0000000)
  object space 178176K, 58% used [0x00000000a0000000,0x00000000a663e728,0x00000000aae00000)
 Metaspace       used 88029K, capacity 96792K, committed 97368K, reserved 1132544K
  class space    used 11238K, capacity 13295K, committed 13440K, reserved 1048576K
}
Event: 4994.704 GC heap before
{Heap before GC invocations=52 (full 4):
 PSYoungGen      total 380416K, used 380125K [0x00000000e0000000, 0x00000000fa780000, 0x0000000100000000)
  eden space 347648K, 99% used [0x00000000e0000000,0x00000000f537d178,0x00000000f5380000)
  from space 32768K, 99% used [0x00000000f6180000,0x00000000f813a420,0x00000000f8180000)
  to   space 38912K, 0% used [0x00000000f8180000,0x00000000f8180000,0x00000000fa780000)
 ParOldGen       total 178176K, used 104697K [0x00000000a0000000, 0x00000000aae00000, 0x00000000e0000000)
  object space 178176K, 58% used [0x00000000a0000000,0x00000000a663e728,0x00000000aae00000)
 Metaspace       used 88031K, capacity 96792K, committed 97368K, reserved 1132544K
  class space    used 11238K, capacity 13295K, committed 13440K, reserved 1048576K
Event: 4994.718 GC heap after
Heap after GC invocations=52 (full 4):
 PSYoungGen      total 392704K, used 11644K [0x00000000e0000000, 0x00000000fdc80000, 0x0000000100000000)
  eden space 353792K, 0% used [0x00000000e0000000,0x00000000e0000000,0x00000000f5980000)
  from space 38912K, 29% used [0x00000000f8180000,0x00000000f8cdf3e8,0x00000000fa780000)
  to   space 40960K, 0% used [0x00000000f5980000,0x00000000f5980000,0x00000000f8180000)
 ParOldGen       total 178176K, used 108861K [0x00000000a0000000, 0x00000000aae00000, 0x00000000e0000000)
  object space 178176K, 61% used [0x00000000a0000000,0x00000000a6a4f668,0x00000000aae00000)
 Metaspace       used 88031K, capacity 96792K, committed 97368K, reserved 1132544K
  class space    used 11238K, capacity 13295K, committed 13440K, reserved 1048576K
}
Event: 4996.018 GC heap before
{Heap before GC invocations=53 (full 4):
 PSYoungGen      total 392704K, used 364894K [0x00000000e0000000, 0x00000000fdc80000, 0x0000000100000000)
  eden space 353792K, 99% used [0x00000000e0000000,0x00000000f58f8458,0x00000000f5980000)
  from space 38912K, 29% used [0x00000000f8180000,0x00000000f8cdf3e8,0x00000000fa780000)
  to   space 40960K, 0% used [0x00000000f5980000,0x00000000f5980000,0x00000000f8180000)
 ParOldGen       total 178176K, used 108861K [0x00000000a0000000, 0x00000000aae00000, 0x00000000e0000000)
  object space 178176K, 61% used [0x00000000a0000000,0x00000000a6a4f668,0x00000000aae00000)
 Metaspace       used 88071K, capacity 96792K, committed 97368K, reserved 1132544K
  class space    used 11238K, capacity 13295K, committed 13440K, reserved 1048576K
Event: 4996.022 GC heap after
Heap after GC invocations=53 (full 4):
 PSYoungGen      total 394752K, used 2867K [0x00000000e0000000, 0x00000000fdd80000, 0x0000000100000000)
  eden space 353792K, 0% used [0x00000000e0000000,0x00000000e0000000,0x00000000f5980000)
  from space 40960K, 7% used [0x00000000f5980000,0x00000000f5c4ced8,0x00000000f8180000)
  to   space 40448K, 0% used [0x00000000fb600000,0x00000000fb600000,0x00000000fdd80000)
 ParOldGen       total 178176K, used 109165K [0x00000000a0000000, 0x00000000aae00000, 0x00000000e0000000)
  object space 178176K, 61% used [0x00000000a0000000,0x00000000a6a9b668,0x00000000aae00000)
 Metaspace       used 88071K, capacity 96792K, committed 97368K, reserved 1132544K
  class space    used 11238K, capacity 13295K, committed 13440K, reserved 1048576K
}

