# JRE version: OpenJDK Runtime Environment (8.0_152-b02) (build 1.8.0_152-release-1024-b02)
# Java VM: OpenJDK 64-Bit Server VM (25.152-b02 mixed mode windows-amd64 compressed oops)
Heap:
 PSYoungGen      total 330240K, used 122478K [0x00000000e0000000, 0x00000000f9380000, 0x0000000100000000)
  eden space 304640K, 33% used [0x00000000e0000000,0x00000000e644fb70,0x00000000f2980000)
  from space 25600K, 77% used [0x00000000f2980000,0x00000000f3ccbf18,0x00000000f4280000)
  to   space 27136K, 0% used [0x00000000f7900000,0x00000000f7900000,0x00000000f9380000)
 ParOldGen       total 141824K, used 35943K [0x00000000a0000000, 0x00000000a8a80000, 0x00000000e0000000)
  object space 141824K, 25% used [0x00000000a0000000,0x00000000a2319f90,0x00000000a8a80000)
 Metaspace       used 81134K, capacity 85104K, committed 85336K, reserved 1124352K
  class space    used 10532K, capacity 11375K, committed 11392K, reserved 1048576K
GC Heap History (10 events):
Event: 11.480 GC heap before
{Heap before GC invocations=14 (full 3):
 PSYoungGen      total 207360K, used 15424K [0x00000000e0000000, 0x00000000f2780000, 0x0000000100000000)
  eden space 186880K, 0% used [0x00000000e0000000,0x00000000e0000000,0x00000000eb680000)
  from space 20480K, 75% used [0x00000000eb680000,0x00000000ec590058,0x00000000eca80000)
  to   space 21504K, 0% used [0x00000000f1280000,0x00000000f1280000,0x00000000f2780000)
 ParOldGen       total 97792K, used 31866K [0x00000000a0000000, 0x00000000a5f80000, 0x00000000e0000000)
  object space 97792K, 32% used [0x00000000a0000000,0x00000000a1f1eb28,0x00000000a5f80000)
 Metaspace       used 57127K, capacity 58918K, committed 58968K, reserved 1099776K
  class space    used 7831K, capacity 8294K, committed 8320K, reserved 1048576K
Event: 11.730 GC heap after
Heap after GC invocations=14 (full 3):
 PSYoungGen      total 207360K, used 0K [0x00000000e0000000, 0x00000000f2780000, 0x0000000100000000)
  eden space 186880K, 0% used [0x00000000e0000000,0x00000000e0000000,0x00000000eb680000)
  from space 20480K, 0% used [0x00000000eb680000,0x00000000eb680000,0x00000000eca80000)
  to   space 21504K, 0% used [0x00000000f1280000,0x00000000f1280000,0x00000000f2780000)
 ParOldGen       total 141824K, used 35919K [0x00000000a0000000, 0x00000000a8a80000, 0x00000000e0000000)
  object space 141824K, 25% used [0x00000000a0000000,0x00000000a2313f90,0x00000000a8a80000)
 Metaspace       used 57127K, capacity 58918K, committed 58968K, reserved 1099776K
  class space    used 7831K, capacity 8294K, committed 8320K, reserved 1048576K
}
Event: 17.813 GC heap before
{Heap before GC invocations=15 (full 3):
 PSYoungGen      total 207360K, used 186880K [0x00000000e0000000, 0x00000000f2780000, 0x0000000100000000)
  eden space 186880K, 100% used [0x00000000e0000000,0x00000000eb680000,0x00000000eb680000)
  from space 20480K, 0% used [0x00000000eb680000,0x00000000eb680000,0x00000000eca80000)
  to   space 21504K, 0% used [0x00000000f1280000,0x00000000f1280000,0x00000000f2780000)
 ParOldGen       total 141824K, used 35919K [0x00000000a0000000, 0x00000000a8a80000, 0x00000000e0000000)
  object space 141824K, 25% used [0x00000000a0000000,0x00000000a2313f90,0x00000000a8a80000)
 Metaspace       used 70473K, capacity 73080K, committed 73176K, reserved 1112064K
  class space    used 9561K, capacity 10153K, committed 10240K, reserved 1048576K
Event: 17.834 GC heap after
Heap after GC invocations=15 (full 3):
 PSYoungGen      total 264192K, used 21365K [0x00000000e0000000, 0x00000000f2780000, 0x0000000100000000)
  eden space 242688K, 0% used [0x00000000e0000000,0x00000000e0000000,0x00000000eed00000)
  from space 21504K, 99% used [0x00000000f1280000,0x00000000f275d450,0x00000000f2780000)
  to   space 24576K, 0% used [0x00000000ef780000,0x00000000ef780000,0x00000000f0f80000)
 ParOldGen       total 141824K, used 35919K [0x00000000a0000000, 0x00000000a8a80000, 0x00000000e0000000)
  object space 141824K, 25% used [0x00000000a0000000,0x00000000a2313f90,0x00000000a8a80000)
 Metaspace       used 70473K, capacity 73080K, committed 73176K, reserved 1112064K
  class space    used 9561K, capacity 10153K, committed 10240K, reserved 1048576K
}
Event: 178.989 GC heap before
{Heap before GC invocations=16 (full 3):
 PSYoungGen      total 264192K, used 264053K [0x00000000e0000000, 0x00000000f2780000, 0x0000000100000000)
  eden space 242688K, 100% used [0x00000000e0000000,0x00000000eed00000,0x00000000eed00000)
  from space 21504K, 99% used [0x00000000f1280000,0x00000000f275d450,0x00000000f2780000)
  to   space 24576K, 0% used [0x00000000ef780000,0x00000000ef780000,0x00000000f0f80000)
 ParOldGen       total 141824K, used 35919K [0x00000000a0000000, 0x00000000a8a80000, 0x00000000e0000000)
  object space 141824K, 25% used [0x00000000a0000000,0x00000000a2313f90,0x00000000a8a80000)
 Metaspace       used 74915K, capacity 78040K, committed 78296K, reserved 1116160K
  class space    used 9944K, capacity 10655K, committed 10752K, reserved 1048576K
Event: 179.012 GC heap after
Heap after GC invocations=16 (full 3):
 PSYoungGen      total 278016K, used 17207K [0x00000000e0000000, 0x00000000f5b00000, 0x0000000100000000)
  eden space 253440K, 0% used [0x00000000e0000000,0x00000000e0000000,0x00000000ef780000)
  from space 24576K, 70% used [0x00000000ef780000,0x00000000f084de60,0x00000000f0f80000)
  to   space 25088K, 0% used [0x00000000f4280000,0x00000000f4280000,0x00000000f5b00000)
 ParOldGen       total 141824K, used 35927K [0x00000000a0000000, 0x00000000a8a80000, 0x00000000e0000000)
  object space 141824K, 25% used [0x00000000a0000000,0x00000000a2315f90,0x00000000a8a80000)
 Metaspace       used 74915K, capacity 78040K, committed 78296K, reserved 1116160K
  class space    used 9944K, capacity 10655K, committed 10752K, reserved 1048576K
}
Event: 1146.371 GC heap before
{Heap before GC invocations=17 (full 3):
 PSYoungGen      total 278016K, used 270647K [0x00000000e0000000, 0x00000000f5b00000, 0x0000000100000000)
  eden space 253440K, 100% used [0x00000000e0000000,0x00000000ef780000,0x00000000ef780000)
  from space 24576K, 70% used [0x00000000ef780000,0x00000000f084de60,0x00000000f0f80000)
  to   space 25088K, 0% used [0x00000000f4280000,0x00000000f4280000,0x00000000f5b00000)
 ParOldGen       total 141824K, used 35927K [0x00000000a0000000, 0x00000000a8a80000, 0x00000000e0000000)
  object space 141824K, 25% used [0x00000000a0000000,0x00000000a2315f90,0x00000000a8a80000)
 Metaspace       used 76045K, capacity 79466K, committed 79704K, reserved 1118208K
  class space    used 10013K, capacity 10784K, committed 10880K, reserved 1048576K
Event: 1146.408 GC heap after
Heap after GC invocations=17 (full 3):
 PSYoungGen      total 329728K, used 16700K [0x00000000e0000000, 0x00000000f5f00000, 0x0000000100000000)
  eden space 304640K, 0% used [0x00000000e0000000,0x00000000e0000000,0x00000000f2980000)
  from space 25088K, 66% used [0x00000000f4280000,0x00000000f52cf1f8,0x00000000f5b00000)
  to   space 25600K, 0% used [0x00000000f2980000,0x00000000f2980000,0x00000000f4280000)
 ParOldGen       total 141824K, used 35935K [0x00000000a0000000, 0x00000000a8a80000, 0x00000000e0000000)
  object space 141824K, 25% used [0x00000000a0000000,0x00000000a2317f90,0x00000000a8a80000)
 Metaspace       used 76045K, capacity 79466K, committed 79704K, reserved 1118208K
  class space    used 10013K, capacity 10784K, committed 10880K, reserved 1048576K
}
Event: 1221.746 GC heap before
{Heap before GC invocations=18 (full 3):
 PSYoungGen      total 329728K, used 321340K [0x00000000e0000000, 0x00000000f5f00000, 0x0000000100000000)
  eden space 304640K, 100% used [0x00000000e0000000,0x00000000f2980000,0x00000000f2980000)
  from space 25088K, 66% used [0x00000000f4280000,0x00000000f52cf1f8,0x00000000f5b00000)
  to   space 25600K, 0% used [0x00000000f2980000,0x00000000f2980000,0x00000000f4280000)
 ParOldGen       total 141824K, used 35935K [0x00000000a0000000, 0x00000000a8a80000, 0x00000000e0000000)
  object space 141824K, 25% used [0x00000000a0000000,0x00000000a2317f90,0x00000000a8a80000)
 Metaspace       used 80890K, capacity 84718K, committed 84824K, reserved 1122304K
  class space    used 10509K, capacity 11334K, committed 11392K, reserved 1048576K
Event: 1221.768 GC heap after
Heap after GC invocations=18 (full 3):
 PSYoungGen      total 330240K, used 19759K [0x00000000e0000000, 0x00000000f9380000, 0x0000000100000000)
  eden space 304640K, 0% used [0x00000000e0000000,0x00000000e0000000,0x00000000f2980000)
  from space 25600K, 77% used [0x00000000f2980000,0x00000000f3ccbf18,0x00000000f4280000)
  to   space 27136K, 0% used [0x00000000f7900000,0x00000000f7900000,0x00000000f9380000)
 ParOldGen       total 141824K, used 35943K [0x00000000a0000000, 0x00000000a8a80000, 0x00000000e0000000)
  object space 141824K, 25% used [0x00000000a0000000,0x00000000a2319f90,0x00000000a8a80000)
 Metaspace       used 80890K, capacity 84718K, committed 84824K, reserved 1122304K
  class space    used 10509K, capacity 11334K, committed 11392K, reserved 1048576K
}

