# JRE version: OpenJDK Runtime Environment (8.0_152-b02) (build 1.8.0_152-release-1024-b02)
# Java VM: OpenJDK 64-Bit Server VM (25.152-b02 mixed mode windows-amd64 compressed oops)
Heap:
 PSYoungGen      total 379392K, used 135899K [0x00000000e0000000, 0x00000000fbd00000, 0x0000000100000000)
  eden space 333824K, 34% used [0x00000000e0000000,0x00000000e7200b08,0x00000000f4600000)
  from space 45568K, 42% used [0x00000000f7380000,0x00000000f8636490,0x00000000fa000000)
  to   space 46592K, 0% used [0x00000000f4600000,0x00000000f4600000,0x00000000f7380000)
 ParOldGen       total 236544K, used 78262K [0x00000000a0000000, 0x00000000ae700000, 0x00000000e0000000)
  object space 236544K, 33% used [0x00000000a0000000,0x00000000a4c6d818,0x00000000ae700000)
 Metaspace       used 160044K, capacity 171018K, committed 171212K, reserved 1198080K
  class space    used 20414K, capacity 22631K, committed 22732K, reserved 1048576K
GC Heap History (10 events):
Event: 4347.971 GC heap before
{Heap before GC invocations=41 (full 5):
 PSYoungGen      total 288256K, used 244371K [0x00000000e0000000, 0x00000000f7a80000, 0x0000000100000000)
  eden space 238592K, 99% used [0x00000000e0000000,0x00000000ee893538,0x00000000ee900000)
  from space 49664K, 12% used [0x00000000ee900000,0x00000000eef118c0,0x00000000f1980000)
  to   space 51200K, 0% used [0x00000000f4880000,0x00000000f4880000,0x00000000f7a80000)
 ParOldGen       total 236544K, used 75217K [0x00000000a0000000, 0x00000000ae700000, 0x00000000e0000000)
  object space 236544K, 31% used [0x00000000a0000000,0x00000000a4974708,0x00000000ae700000)
 Metaspace       used 157176K, capacity 165974K, committed 167884K, reserved 1196032K
  class space    used 19982K, capacity 21788K, committed 22220K, reserved 1048576K
Event: 4347.978 GC heap after
Heap after GC invocations=41 (full 5):
 PSYoungGen      total 332288K, used 4695K [0x00000000e0000000, 0x00000000f7980000, 0x0000000100000000)
  eden space 282112K, 0% used [0x00000000e0000000,0x00000000e0000000,0x00000000f1380000)
  from space 50176K, 9% used [0x00000000f4880000,0x00000000f4d15c20,0x00000000f7980000)
  to   space 52224K, 0% used [0x00000000f1380000,0x00000000f1380000,0x00000000f4680000)
 ParOldGen       total 236544K, used 75225K [0x00000000a0000000, 0x00000000ae700000, 0x00000000e0000000)
  object space 236544K, 31% used [0x00000000a0000000,0x00000000a4976708,0x00000000ae700000)
 Metaspace       used 157176K, capacity 165974K, committed 167884K, reserved 1196032K
  class space    used 19982K, capacity 21788K, committed 22220K, reserved 1048576K
}
Event: 4507.227 GC heap before
{Heap before GC invocations=42 (full 5):
 PSYoungGen      total 332288K, used 286807K [0x00000000e0000000, 0x00000000f7980000, 0x0000000100000000)
  eden space 282112K, 100% used [0x00000000e0000000,0x00000000f1380000,0x00000000f1380000)
  from space 50176K, 9% used [0x00000000f4880000,0x00000000f4d15c20,0x00000000f7980000)
  to   space 52224K, 0% used [0x00000000f1380000,0x00000000f1380000,0x00000000f4680000)
 ParOldGen       total 236544K, used 75225K [0x00000000a0000000, 0x00000000ae700000, 0x00000000e0000000)
  object space 236544K, 31% used [0x00000000a0000000,0x00000000a4976708,0x00000000ae700000)
 Metaspace       used 158182K, capacity 167314K, committed 168780K, reserved 1196032K
  class space    used 20132K, capacity 21996K, committed 22348K, reserved 1048576K
Event: 4507.254 GC heap after
Heap after GC invocations=42 (full 5):
 PSYoungGen      total 334336K, used 11101K [0x00000000e0000000, 0x00000000fa580000, 0x0000000100000000)
  eden space 282112K, 0% used [0x00000000e0000000,0x00000000e0000000,0x00000000f1380000)
  from space 52224K, 21% used [0x00000000f1380000,0x00000000f1e57700,0x00000000f4680000)
  to   space 51200K, 0% used [0x00000000f7380000,0x00000000f7380000,0x00000000fa580000)
 ParOldGen       total 236544K, used 75225K [0x00000000a0000000, 0x00000000ae700000, 0x00000000e0000000)
  object space 236544K, 31% used [0x00000000a0000000,0x00000000a4976708,0x00000000ae700000)
 Metaspace       used 158182K, capacity 167314K, committed 168780K, reserved 1196032K
  class space    used 20132K, capacity 21996K, committed 22348K, reserved 1048576K
}
Event: 4609.913 GC heap before
{Heap before GC invocations=43 (full 5):
 PSYoungGen      total 334336K, used 293213K [0x00000000e0000000, 0x00000000fa580000, 0x0000000100000000)
  eden space 282112K, 100% used [0x00000000e0000000,0x00000000f1380000,0x00000000f1380000)
  from space 52224K, 21% used [0x00000000f1380000,0x00000000f1e57700,0x00000000f4680000)
  to   space 51200K, 0% used [0x00000000f7380000,0x00000000f7380000,0x00000000fa580000)
 ParOldGen       total 236544K, used 75225K [0x00000000a0000000, 0x00000000ae700000, 0x00000000e0000000)
  object space 236544K, 31% used [0x00000000a0000000,0x00000000a4976708,0x00000000ae700000)
 Metaspace       used 158744K, capacity 168582K, committed 169420K, reserved 1196032K
  class space    used 20231K, capacity 22230K, committed 22476K, reserved 1048576K
Event: 4609.926 GC heap after
Heap after GC invocations=43 (full 5):
 PSYoungGen      total 370176K, used 8368K [0x00000000e0000000, 0x00000000fa000000, 0x0000000100000000)
  eden space 324608K, 0% used [0x00000000e0000000,0x00000000e0000000,0x00000000f3d00000)
  from space 45568K, 18% used [0x00000000f7380000,0x00000000f7bac0c0,0x00000000fa000000)
  to   space 50688K, 0% used [0x00000000f3d00000,0x00000000f3d00000,0x00000000f6e80000)
 ParOldGen       total 236544K, used 75233K [0x00000000a0000000, 0x00000000ae700000, 0x00000000e0000000)
  object space 236544K, 31% used [0x00000000a0000000,0x00000000a4978708,0x00000000ae700000)
 Metaspace       used 158744K, capacity 168582K, committed 169420K, reserved 1196032K
  class space    used 20231K, capacity 22230K, committed 22476K, reserved 1048576K
}
Event: 4697.821 GC heap before
{Heap before GC invocations=44 (full 5):
 PSYoungGen      total 370176K, used 332976K [0x00000000e0000000, 0x00000000fa000000, 0x0000000100000000)
  eden space 324608K, 100% used [0x00000000e0000000,0x00000000f3d00000,0x00000000f3d00000)
  from space 45568K, 18% used [0x00000000f7380000,0x00000000f7bac0c0,0x00000000fa000000)
  to   space 50688K, 0% used [0x00000000f3d00000,0x00000000f3d00000,0x00000000f6e80000)
 ParOldGen       total 236544K, used 75233K [0x00000000a0000000, 0x00000000ae700000, 0x00000000e0000000)
  object space 236544K, 31% used [0x00000000a0000000,0x00000000a4978708,0x00000000ae700000)
 Metaspace       used 159586K, capacity 170316K, committed 170700K, reserved 1198080K
  class space    used 20369K, capacity 22523K, committed 22732K, reserved 1048576K
Event: 4697.839 GC heap after
Heap after GC invocations=44 (full 5):
 PSYoungGen      total 375296K, used 8432K [0x00000000e0000000, 0x00000000fa000000, 0x0000000100000000)
  eden space 324608K, 0% used [0x00000000e0000000,0x00000000e0000000,0x00000000f3d00000)
  from space 50688K, 16% used [0x00000000f3d00000,0x00000000f453c060,0x00000000f6e80000)
  to   space 45568K, 0% used [0x00000000f7380000,0x00000000f7380000,0x00000000fa000000)
 ParOldGen       total 236544K, used 77541K [0x00000000a0000000, 0x00000000ae700000, 0x00000000e0000000)
  object space 236544K, 32% used [0x00000000a0000000,0x00000000a4bb97e8,0x00000000ae700000)
 Metaspace       used 159586K, capacity 170316K, committed 170700K, reserved 1198080K
  class space    used 20369K, capacity 22523K, committed 22732K, reserved 1048576K
}
Event: 4728.701 GC heap before
{Heap before GC invocations=45 (full 5):
 PSYoungGen      total 375296K, used 332909K [0x00000000e0000000, 0x00000000fa000000, 0x0000000100000000)
  eden space 324608K, 99% used [0x00000000e0000000,0x00000000f3cdf3b0,0x00000000f3d00000)
  from space 50688K, 16% used [0x00000000f3d00000,0x00000000f453c060,0x00000000f6e80000)
  to   space 45568K, 0% used [0x00000000f7380000,0x00000000f7380000,0x00000000fa000000)
 ParOldGen       total 236544K, used 77541K [0x00000000a0000000, 0x00000000ae700000, 0x00000000e0000000)
  object space 236544K, 32% used [0x00000000a0000000,0x00000000a4bb97e8,0x00000000ae700000)
 Metaspace       used 159938K, capacity 170676K, committed 170956K, reserved 1198080K
  class space    used 20394K, capacity 22581K, committed 22732K, reserved 1048576K
Event: 4728.723 GC heap after
Heap after GC invocations=45 (full 5):
 PSYoungGen      total 379392K, used 19161K [0x00000000e0000000, 0x00000000fbd00000, 0x0000000100000000)
  eden space 333824K, 0% used [0x00000000e0000000,0x00000000e0000000,0x00000000f4600000)
  from space 45568K, 42% used [0x00000000f7380000,0x00000000f8636490,0x00000000fa000000)
  to   space 46592K, 0% used [0x00000000f4600000,0x00000000f4600000,0x00000000f7380000)
 ParOldGen       total 236544K, used 78262K [0x00000000a0000000, 0x00000000ae700000, 0x00000000e0000000)
  object space 236544K, 33% used [0x00000000a0000000,0x00000000a4c6d818,0x00000000ae700000)
 Metaspace       used 159938K, capacity 170676K, committed 170956K, reserved 1198080K
  class space    used 20394K, capacity 22581K, committed 22732K, reserved 1048576K
}

